0 info it worked if it ends with ok
1 verbose cli [ '/usr/bin/nodejs',
1 verbose cli   '/usr/bin/npm',
1 verbose cli   'update',
1 verbose cli   '-g',
1 verbose cli   'cordova',
1 verbose cli   'ionic' ]
2 info using npm@2.14.20
3 info using node@v4.4.1
4 silly mapToRegistry name ionic
5 silly mapToRegistry using default registry
6 silly mapToRegistry registry https://registry.npmjs.org/
7 silly mapToRegistry uri https://registry.npmjs.org/ionic
8 silly mapToRegistry name cordova
9 silly mapToRegistry using default registry
10 silly mapToRegistry registry https://registry.npmjs.org/
11 silly mapToRegistry uri https://registry.npmjs.org/cordova
12 verbose request uri https://registry.npmjs.org/cordova
13 verbose request no auth needed
14 info attempt registry request try #1 at 16:24:39
15 verbose request id 41e70dece9790567
16 verbose etag "F545J0EMARJMD51CRK61F9CPS"
17 http request GET https://registry.npmjs.org/cordova
18 verbose request uri https://registry.npmjs.org/ionic
19 verbose request no auth needed
20 info attempt registry request try #1 at 16:24:39
21 verbose etag "31UIOUW0DCB8SFC453X7NSDB5"
22 http request GET https://registry.npmjs.org/ionic
23 http 200 https://registry.npmjs.org/cordova
24 verbose headers { server: 'CouchDB/1.5.0 (Erlang OTP/R16B03)',
24 verbose headers   etag: '"SHQWK7K8VY74TP1QEBO1H4H"',
24 verbose headers   'content-type': 'application/json',
24 verbose headers   'cache-control': 'max-age=300',
24 verbose headers   'content-length': '369514',
24 verbose headers   'accept-ranges': 'bytes',
24 verbose headers   date: 'Sat, 02 Apr 2016 19:24:40 GMT',
24 verbose headers   via: '1.1 varnish',
24 verbose headers   age: '0',
24 verbose headers   connection: 'keep-alive',
24 verbose headers   'x-served-by': 'cache-atl6250-ATL',
24 verbose headers   'x-cache': 'HIT',
24 verbose headers   'x-cache-hits': '1',
24 verbose headers   'x-timer': 'S1459625080.015663,VS0,VE87',
24 verbose headers   vary: 'Accept' }
25 silly get cb [ 200,
25 silly get   { server: 'CouchDB/1.5.0 (Erlang OTP/R16B03)',
25 silly get     etag: '"SHQWK7K8VY74TP1QEBO1H4H"',
25 silly get     'content-type': 'application/json',
25 silly get     'cache-control': 'max-age=300',
25 silly get     'content-length': '369514',
25 silly get     'accept-ranges': 'bytes',
25 silly get     date: 'Sat, 02 Apr 2016 19:24:40 GMT',
25 silly get     via: '1.1 varnish',
25 silly get     age: '0',
25 silly get     connection: 'keep-alive',
25 silly get     'x-served-by': 'cache-atl6250-ATL',
25 silly get     'x-cache': 'HIT',
25 silly get     'x-cache-hits': '1',
25 silly get     'x-timer': 'S1459625080.015663,VS0,VE87',
25 silly get     vary: 'Accept' } ]
26 verbose get saving cordova to /home/digao/.npm/registry.npmjs.org/cordova/.cache.json
27 verbose correctMkdir /home/digao/.npm correctMkdir not in flight; initializing
28 http 200 https://registry.npmjs.org/ionic
29 verbose headers { server: 'CouchDB/1.5.0 (Erlang OTP/R16B03)',
29 verbose headers   etag: '"DLOOJDXPX5X5OC16CO6TJ2B0L"',
29 verbose headers   'content-type': 'application/json',
29 verbose headers   'cache-control': 'max-age=300',
29 verbose headers   'content-length': '687327',
29 verbose headers   'accept-ranges': 'bytes',
29 verbose headers   date: 'Sat, 02 Apr 2016 19:24:40 GMT',
29 verbose headers   via: '1.1 varnish',
29 verbose headers   age: '0',
29 verbose headers   connection: 'keep-alive',
29 verbose headers   'x-served-by': 'cache-atl6233-ATL',
29 verbose headers   'x-cache': 'HIT',
29 verbose headers   'x-cache-hits': '1',
29 verbose headers   'x-timer': 'S1459625080.019203,VS0,VE358',
29 verbose headers   vary: 'Accept' }
30 silly get cb [ 200,
30 silly get   { server: 'CouchDB/1.5.0 (Erlang OTP/R16B03)',
30 silly get     etag: '"DLOOJDXPX5X5OC16CO6TJ2B0L"',
30 silly get     'content-type': 'application/json',
30 silly get     'cache-control': 'max-age=300',
30 silly get     'content-length': '687327',
30 silly get     'accept-ranges': 'bytes',
30 silly get     date: 'Sat, 02 Apr 2016 19:24:40 GMT',
30 silly get     via: '1.1 varnish',
30 silly get     age: '0',
30 silly get     connection: 'keep-alive',
30 silly get     'x-served-by': 'cache-atl6233-ATL',
30 silly get     'x-cache': 'HIT',
30 silly get     'x-cache-hits': '1',
30 silly get     'x-timer': 'S1459625080.019203,VS0,VE358',
30 silly get     vary: 'Accept' } ]
31 verbose get saving ionic to /home/digao/.npm/registry.npmjs.org/ionic/.cache.json
32 verbose correctMkdir /home/digao/.npm correctMkdir not in flight; initializing
33 info outdated updating [ [ '/usr/lib', 'cordova', '6.0.0', '6.1.1', '6.1.1', 'latest' ] ]
34 verbose install where, what [ '/usr/lib', [ 'cordova@6.1.1' ] ]
35 verbose install initial load of /usr/lib/package.json
36 verbose readDependencies loading dependencies from /usr/lib/package.json
37 silly cache add args [ 'cordova@6.1.1', null ]
38 verbose cache add spec cordova@6.1.1
39 silly cache add parsed spec Result {
39 silly cache add   raw: 'cordova@6.1.1',
39 silly cache add   scope: null,
39 silly cache add   name: 'cordova',
39 silly cache add   rawSpec: '6.1.1',
39 silly cache add   spec: '6.1.1',
39 silly cache add   type: 'version' }
40 silly addNamed cordova@6.1.1
41 verbose addNamed "6.1.1" is a plain semver version for cordova
42 silly mapToRegistry name cordova
43 silly mapToRegistry using default registry
44 silly mapToRegistry registry https://registry.npmjs.org/
45 silly mapToRegistry uri https://registry.npmjs.org/cordova
46 verbose addNameVersion registry:https://registry.npmjs.org/cordova not in flight; fetching
47 verbose get https://registry.npmjs.org/cordova not expired, no request
48 silly mapToRegistry name cordova
49 silly mapToRegistry using default registry
50 silly mapToRegistry registry https://registry.npmjs.org/
51 silly mapToRegistry uri https://registry.npmjs.org/cordova
52 verbose addRemoteTarball https://registry.npmjs.org/cordova/-/cordova-6.1.1.tgz not in flight; adding
53 verbose addRemoteTarball [ 'https://registry.npmjs.org/cordova/-/cordova-6.1.1.tgz',
53 verbose addRemoteTarball   '156488fe453182941e6034516d4e0f2f85dd47bc' ]
54 info retry fetch attempt 1 at 16:24:41
55 info attempt registry request try #1 at 16:24:41
56 http fetch GET https://registry.npmjs.org/cordova/-/cordova-6.1.1.tgz
57 http fetch 200 https://registry.npmjs.org/cordova/-/cordova-6.1.1.tgz
58 silly fetchAndShaCheck shasum 156488fe453182941e6034516d4e0f2f85dd47bc
59 verbose addTmpTarball /tmp/npm-16823-c4e2820e/registry.npmjs.org/cordova/-/cordova-6.1.1.tgz not in flight; adding
60 verbose addTmpTarball already have metadata; skipping unpack for cordova@6.1.1
61 verbose correctMkdir /home/digao/.npm correctMkdir not in flight; initializing
62 silly cache afterAdd cordova@6.1.1
63 verbose afterAdd /home/digao/.npm/cordova/6.1.1/package/package.json not in flight; writing
64 verbose correctMkdir /home/digao/.npm correctMkdir not in flight; initializing
65 verbose afterAdd /home/digao/.npm/cordova/6.1.1/package/package.json written
66 silly install resolved [ { name: 'cordova',
66 silly install resolved     version: '6.1.1',
66 silly install resolved     preferGlobal: 'true',
66 silly install resolved     description: 'Cordova command line interface tool',
66 silly install resolved     main: 'cordova',
66 silly install resolved     engines: { node: '>=0.9.9' },
66 silly install resolved     engineStrict: true,
66 silly install resolved     bin: { cordova: './bin/cordova' },
66 silly install resolved     scripts:
66 silly install resolved      { test: 'node node_modules/jasmine-node/bin/jasmine-node --captureExceptions --color spec',
66 silly install resolved        cover: 'node node_modules/istanbul/lib/cli.js cover --root src --print detail node_modules/jasmine-node/bin/jasmine-node -- spec' },
66 silly install resolved     repository:
66 silly install resolved      { type: 'git',
66 silly install resolved        url: 'https://git-wip-us.apache.org/repos/asf/cordova-cli.git' },
66 silly install resolved     bugs:
66 silly install resolved      { url: 'https://issues.apache.org/jira/browse/CB',
66 silly install resolved        email: 'dev@cordova.apache.org' },
66 silly install resolved     keywords: [ 'cordova', 'client', 'cli' ],
66 silly install resolved     dependencies:
66 silly install resolved      { ansi: '^0.3.0',
66 silly install resolved        'cordova-lib': '6.1.1',
66 silly install resolved        'cordova-common': '^1.1.0',
66 silly install resolved        q: '1.0.1',
66 silly install resolved        nopt: '3.0.1',
66 silly install resolved        underscore: '1.7.0',
66 silly install resolved        'update-notifier': '^0.5.0' },
66 silly install resolved     devDependencies:
66 silly install resolved      { istanbul: '^0.3.4',
66 silly install resolved        grunt: '0.4.5',
66 silly install resolved        'grunt-retire': '0.3.7',
66 silly install resolved        'jasmine-node': '1.14.5' },
66 silly install resolved     author: { name: 'Anis Kadri' },
66 silly install resolved     contributors:
66 silly install resolved      [ [Object],
66 silly install resolved        [Object],
66 silly install resolved        [Object],
66 silly install resolved        [Object],
66 silly install resolved        [Object],
66 silly install resolved        [Object],
66 silly install resolved        [Object],
66 silly install resolved        [Object],
66 silly install resolved        [Object],
66 silly install resolved        [Object],
66 silly install resolved        [Object],
66 silly install resolved        [Object],
66 silly install resolved        [Object],
66 silly install resolved        [Object],
66 silly install resolved        [Object],
66 silly install resolved        [Object],
66 silly install resolved        [Object],
66 silly install resolved        [Object],
66 silly install resolved        [Object],
66 silly install resolved        [Object],
66 silly install resolved        [Object],
66 silly install resolved        [Object],
66 silly install resolved        [Object],
66 silly install resolved        [Object] ],
66 silly install resolved     license: 'Apache-2.0',
66 silly install resolved     _id: 'cordova@6.1.1',
66 silly install resolved     _shasum: '156488fe453182941e6034516d4e0f2f85dd47bc',
66 silly install resolved     _resolved: 'https://registry.npmjs.org/cordova/-/cordova-6.1.1.tgz',
66 silly install resolved     _from: 'cordova@6.1.1',
66 silly install resolved     _npmVersion: '3.8.3',
66 silly install resolved     _nodeVersion: '5.9.1',
66 silly install resolved     _npmUser:
66 silly install resolved      { name: 'kotikov.vladimir',
66 silly install resolved        email: 'kotikov.vladimir@gmail.com' },
66 silly install resolved     dist:
66 silly install resolved      { shasum: '156488fe453182941e6034516d4e0f2f85dd47bc',
66 silly install resolved        tarball: 'https://registry.npmjs.org/cordova/-/cordova-6.1.1.tgz' },
66 silly install resolved     maintainers:
66 silly install resolved      [ [Object],
66 silly install resolved        [Object],
66 silly install resolved        [Object],
66 silly install resolved        [Object],
66 silly install resolved        [Object],
66 silly install resolved        [Object],
66 silly install resolved        [Object],
66 silly install resolved        [Object],
66 silly install resolved        [Object],
66 silly install resolved        [Object],
66 silly install resolved        [Object],
66 silly install resolved        [Object],
66 silly install resolved        [Object],
66 silly install resolved        [Object],
66 silly install resolved        [Object],
66 silly install resolved        [Object],
66 silly install resolved        [Object],
66 silly install resolved        [Object] ],
66 silly install resolved     _npmOperationalInternal:
66 silly install resolved      { host: 'packages-12-west.internal.npmjs.com',
66 silly install resolved        tmp: 'tmp/cordova-6.1.1.tgz_1459545459074_0.8951308054383844' },
66 silly install resolved     directories: {} } ]
67 info install cordova@6.1.1 into /usr/lib
68 info installOne cordova@6.1.1
69 verbose installOne of cordova to /usr/lib not in flight; installing
70 verbose correctMkdir /home/digao/.npm/_locks correctMkdir not in flight; initializing
71 verbose lock using /home/digao/.npm/_locks/cordova-748ccae172373beb.lock for /usr/lib/node_modules/cordova
72 silly install write writing cordova 6.1.1 to /usr/lib/node_modules/cordova
73 verbose unbuild lib/node_modules/cordova
74 info preuninstall cordova@6.0.0
75 info uninstall cordova@6.0.0
76 verbose unbuild rmStuff cordova@6.0.0 from /usr/lib/node_modules
77 silly gentlyRm /usr/bin/cordova is being gently removed
78 silly gentlyRm verifying /usr is an npm working directory
79 silly gentlyRm containing path /usr is under npm's control, in /usr
80 silly gentlyRm deletion target /usr/bin/cordova is under /usr
81 verbose gentlyRm vacuuming from /usr/bin/cordova up to /usr
82 silly vacuum-fs removing /usr/bin/cordova
83 verbose unlock done using /home/digao/.npm/_locks/cordova-748ccae172373beb.lock for /usr/lib/node_modules/cordova
84 verbose stack Error: EACCES: permission denied, unlink '/usr/bin/cordova'
84 verbose stack     at Error (native)
85 verbose cwd /home/digao/Apps/mmgpApp
86 error Linux 4.2.0-34-generic
87 error argv "/usr/bin/nodejs" "/usr/bin/npm" "update" "-g" "cordova" "ionic"
88 error node v4.4.1
89 error npm  v2.14.20
90 error path /usr/bin/cordova
91 error code EACCES
92 error errno -13
93 error syscall unlink
94 error Error: EACCES: permission denied, unlink '/usr/bin/cordova'
94 error     at Error (native)
94 error  { [Error: EACCES: permission denied, unlink '/usr/bin/cordova']
94 error   errno: -13,
94 error   code: 'EACCES',
94 error   syscall: 'unlink',
94 error   path: '/usr/bin/cordova' }
95 error Please try running this command again as root/Administrator.
96 verbose exit [ -13, true ]
97 verbose unbuild lib/node_modules/cordova
98 info preuninstall cordova@6.0.0
99 info uninstall cordova@6.0.0
100 verbose unbuild rmStuff cordova@6.0.0 from /usr/lib/node_modules
101 silly gentlyRm /usr/bin/cordova is being gently removed
102 silly gentlyRm verifying /usr is an npm working directory
103 silly gentlyRm containing path /usr is under npm's control, in /usr
104 silly gentlyRm deletion target /usr/bin/cordova is under /usr
105 verbose gentlyRm vacuuming from /usr/bin/cordova up to /usr
106 silly vacuum-fs removing /usr/bin/cordova
107 error error rolling back Error: EACCES: permission denied, unlink '/usr/bin/cordova'
107 error error rolling back     at Error (native)
107 error error rolling back  { [Error: EACCES: permission denied, unlink '/usr/bin/cordova']
107 error error rolling back   errno: -13,
107 error error rolling back   code: 'EACCES',
107 error error rolling back   syscall: 'unlink',
107 error error rolling back   path: '/usr/bin/cordova' }
